-- The C compiler identification is GNU 13.3.0
-- The CXX compiler identification is GNU 13.3.0
-- Detecting C compiler ABI info
-- Detecting C compiler ABI info - done
-- Check for working C compiler: /usr/bin/cc - skipped
-- Detecting C compile features
-- Detecting C compile features - done
-- Detecting CXX compiler ABI info
-- Detecting CXX compiler ABI info - done
-- Check for working CXX compiler: /usr/bin/c++ - skipped
-- Detecting CXX compile features
-- Detecting CXX compile features - done
-- Found ament_cmake: 2.5.6 (/opt/ros/jazzy/share/ament_cmake/cmake)
-- Found Python3: /usr/bin/python3 (found version "3.12.3") found components: Interpreter 
-- Configuring done (1.9s)
-- Generating done (0.0s)
-- Build files have been written to: /home/sofia/Documents/E-Rocket-All-Stuff/E-Rocket-flight-software/build/vrpn_vendor
[ 12%] [34m[1mCreating directories for 'vrpn'[0m
[ 25%] [34m[1mPerforming download step (git clone) for 'vrpn'[0m
Cloning into 'src'...
gmake[2]: *** [CMakeFiles/vrpn.dir/build.make:98: vrpn-prefix/src/vrpn-stamp/vrpn-download] Interrupt
gmake[1]: *** [CMakeFiles/Makefile2:137: CMakeFiles/vrpn.dir/all] Interrupt
gmake: *** [Makefile:146: all] Interrupt
