[0.028s] Invoking command in '/home/sofia/Documents/E-Rocket-All-Stuff/E-Rocket-flight-software/build/vrpn_vendor': CMAKE_PREFIX_PATH=/opt/ros/jazzy /usr/bin/cmake /home/sofia/Documents/E-Rocket-All-Stuff/E-Rocket-flight-software/workspace_erocket/src/vrpn_vendor -DCMAKE_INSTALL_PREFIX=/home/sofia/Documents/E-Rocket-All-Stuff/E-Rocket-flight-software/install/vrpn_vendor
[0.175s] -- The C compiler identification is GNU 13.3.0
[0.332s] -- The CXX compiler identification is GNU 13.3.0
[0.378s] -- Detecting C compiler ABI info
[0.612s] -- Detecting C compiler ABI info - done
[0.636s] -- Check for working C compiler: /usr/bin/cc - skipped
[0.637s] -- Detecting C compile features
[0.638s] -- Detecting C compile features - done
[0.666s] -- Detecting CXX compiler ABI info
[0.942s] -- Detecting CXX compiler ABI info - done
[0.969s] -- Check for working CXX compiler: /usr/bin/c++ - skipped
[0.970s] -- Detecting CXX compile features
[0.971s] -- Detecting CXX compile features - done
[0.977s] -- Found ament_cmake: 2.5.6 (/opt/ros/jazzy/share/ament_cmake/cmake)
[1.349s] -- Found Python3: /usr/bin/python3 (found version "3.12.3") found components: Interpreter 
[1.900s] -- Configuring done (1.9s)
[1.916s] -- Generating done (0.0s)
[1.923s] -- Build files have been written to: /home/sofia/Documents/E-Rocket-All-Stuff/E-Rocket-flight-software/build/vrpn_vendor
[1.938s] Invoked command in '/home/sofia/Documents/E-Rocket-All-Stuff/E-Rocket-flight-software/build/vrpn_vendor' returned '0': CMAKE_PREFIX_PATH=/opt/ros/jazzy /usr/bin/cmake /home/sofia/Documents/E-Rocket-All-Stuff/E-Rocket-flight-software/workspace_erocket/src/vrpn_vendor -DCMAKE_INSTALL_PREFIX=/home/sofia/Documents/E-Rocket-All-Stuff/E-Rocket-flight-software/install/vrpn_vendor
[1.941s] Invoking command in '/home/sofia/Documents/E-Rocket-All-Stuff/E-Rocket-flight-software/build/vrpn_vendor': CMAKE_PREFIX_PATH=/opt/ros/jazzy /usr/bin/cmake --build /home/sofia/Documents/E-Rocket-All-Stuff/E-Rocket-flight-software/build/vrpn_vendor -- -j16 -l16
[2.077s] [ 12%] [34m[1mCreating directories for 'vrpn'[0m
[2.151s] [ 25%] [34m[1mPerforming download step (git clone) for 'vrpn'[0m
[2.207s] Cloning into 'src'...
[2.310s] gmake[2]: *** [CMakeFiles/vrpn.dir/build.make:98: vrpn-prefix/src/vrpn-stamp/vrpn-download] Interrupt
[2.311s] gmake[1]: *** [CMakeFiles/Makefile2:137: CMakeFiles/vrpn.dir/all] Interrupt
[2.312s] gmake: *** [Makefile:146: all] Interrupt
